Dora directory: /root/workspace/experiments/audiocraft
[[36m01-26 21:58:58[0m][[34mdora.distrib[0m][[32mINFO[0m] - Distributed init: 1/2 (local 1) from env[0m
[[36m01-26 21:58:58[0m][[34mflashy.solver[0m][[32mINFO[0m] - Instantiating solver CompressionSolver for XP 6dff602d[0m
[[36m01-26 21:58:58[0m][[34mflashy.solver[0m][[32mINFO[0m] - All XP logs are stored in /root/workspace/experiments/audiocraft/xps/6dff602d[0m
[[36m01-26 21:58:58[0m][[34maudiocraft.solvers.builders[0m][[32mINFO[0m] - Loading audio data split train: /root/workspace/data/fma_small_mini/egs/train[0m
[[36m01-26 21:58:58[0m][[34maudiocraft.solvers.builders[0m][[32mINFO[0m] - Loading audio data split valid: /root/workspace/data/fma_small_mini/egs/valid[0m
[[36m01-26 21:58:58[0m][[34maudiocraft.solvers.builders[0m][[32mINFO[0m] - Loading audio data split evaluate: /root/workspace/data/fma_small_mini/egs/valid[0m
[[36m01-26 21:58:58[0m][[34maudiocraft.solvers.builders[0m][[32mINFO[0m] - Loading audio data split generate: /root/workspace/data/fma_small_mini/egs/valid[0m
[[36m01-26 21:58:58[0m][[34mflashy.solver[0m][[32mINFO[0m] - Model hash: 365c263301f13673720d0f350be14cef6ddaf70f[0m
[[36m01-26 21:58:58[0m][[34mflashy.solver[0m][[32mINFO[0m] - Initializing EMA on the model with decay = 0.99 every 1 updates[0m
[[36m01-26 21:58:58[0m][[34mflashy.solver[0m][[32mINFO[0m] - Model size: 0.23 M params[0m
[[36m01-26 21:58:58[0m][[34mflashy.solver[0m][[32mINFO[0m] - Base memory usage, with model, grad and optim: 0.00 GB[0m
[[36m01-26 21:58:58[0m][[34mflashy.solver[0m][[32mINFO[0m] - Restoring weights and history.[0m
[[36m01-26 21:58:58[0m][[34mflashy.solver[0m][[32mINFO[0m] - Loading existing checkpoint: /root/workspace/experiments/audiocraft/xps/6dff602d/checkpoint.th[0m
[[36m01-26 21:59:04[0m][[34maudiocraft.utils.checkpoint[0m][[32mINFO[0m] - Checkpoint loaded from /root/workspace/experiments/audiocraft/xps/6dff602d/checkpoint.th[0m
[[36m01-26 21:59:05[0m][[34mflashy.solver[0m][[32mINFO[0m] - Model hash: e1fa60ad24ec7c0ade0623510e41899758d7e7de[0m
[[36m01-26 21:59:05[0m][[34mflashy.solver[0m][[32mINFO[0m] - Replaying past metrics...[0m
[[36m01-26 21:59:05[0m][[34mflashy.solver[0m][[32mINFO[0m] - [1mTrain Summary | Epoch 1 | bandwidth=8.151 | l1=0.113 | penalty=0.000 | ratio1=0.003 | g_loss=0.113 | ratio2=0.399 | mel=3.225 | msspec=2.413 | sisnr=15.529 | duration=148.137[0m
[[36m01-26 21:59:05[0m][[34mflashy.solver[0m][[32mINFO[0m] - [1mValid Summary | Epoch 1 | bandwidth=16.000 | l1=0.101 | mel=3.908 | msspec=2.495 | sisnr=3.490 | duration=25.198[0m
[[36m01-26 22:00:50[0m][[34mflashy.solver[0m][[32mINFO[0m] - Train | Epoch 2 | 100/1000 | 7.45 it/sec | bandwidth 9.337 | l1 0.108 | penalty 0.000 | ratio1 0.000 | g_loss 0.108 | ratio2 0.406 | mel 3.383 | msspec 2.478 | sisnr 9.951[0m
[[36m01-26 22:01:01[0m][[34mflashy.solver[0m][[32mINFO[0m] - Train | Epoch 2 | 200/1000 | 8.28 it/sec | bandwidth 7.825 | l1 0.111 | penalty 0.000 | ratio1 0.001 | g_loss 0.111 | ratio2 0.349 | mel 3.432 | msspec 2.502 | sisnr 10.757[0m
[[36m01-26 22:01:12[0m][[34mflashy.solver[0m][[32mINFO[0m] - Train | Epoch 2 | 300/1000 | 8.52 it/sec | bandwidth 8.820 | l1 0.111 | penalty 0.000 | ratio1 0.001 | g_loss 0.111 | ratio2 0.357 | mel 3.466 | msspec 2.549 | sisnr 9.993[0m
[[36m01-26 22:01:22[0m][[34mflashy.solver[0m][[32mINFO[0m] - Train | Epoch 2 | 400/1000 | 8.73 it/sec | bandwidth 8.060 | l1 0.106 | penalty 0.000 | ratio1 0.000 | g_loss 0.106 | ratio2 0.378 | mel 3.424 | msspec 2.468 | sisnr 10.474[0m
[[36m01-26 22:01:33[0m][[34mflashy.solver[0m][[32mINFO[0m] - Train | Epoch 2 | 500/1000 | 8.89 it/sec | bandwidth 7.995 | l1 0.110 | penalty 0.000 | ratio1 0.000 | g_loss 0.110 | ratio2 0.350 | mel 3.461 | msspec 2.494 | sisnr 9.347[0m
[[36m01-26 22:01:43[0m][[34mflashy.solver[0m][[32mINFO[0m] - Train | Epoch 2 | 600/1000 | 8.98 it/sec | bandwidth 7.895 | l1 0.112 | penalty 0.000 | ratio1 0.000 | g_loss 0.112 | ratio2 0.360 | mel 3.517 | msspec 2.574 | sisnr 8.839[0m
[[36m01-26 22:01:54[0m][[34mflashy.solver[0m][[32mINFO[0m] - Train | Epoch 2 | 700/1000 | 9.06 it/sec | bandwidth 7.850 | l1 0.110 | penalty 0.000 | ratio1 0.000 | g_loss 0.110 | ratio2 0.358 | mel 3.512 | msspec 2.516 | sisnr 9.143[0m
[[36m01-26 22:02:04[0m][[34mflashy.solver[0m][[32mINFO[0m] - Train | Epoch 2 | 800/1000 | 9.11 it/sec | bandwidth 7.835 | l1 0.109 | penalty 0.000 | ratio1 0.000 | g_loss 0.109 | ratio2 0.394 | mel 3.506 | msspec 2.523 | sisnr 8.449[0m
[[36m01-26 22:02:15[0m][[34mflashy.solver[0m][[32mINFO[0m] - Train | Epoch 2 | 900/1000 | 9.16 it/sec | bandwidth 7.905 | l1 0.111 | penalty 0.000 | ratio1 0.000 | g_loss 0.111 | ratio2 0.398 | mel 3.544 | msspec 2.557 | sisnr 9.258[0m
[[36m01-26 22:02:27[0m][[34mflashy.solver[0m][[32mINFO[0m] - [1mTrain Summary | Epoch 2 | bandwidth=8.151 | l1=0.110 | penalty=0.000 | ratio1=0.000 | g_loss=0.110 | ratio2=0.372 | mel=3.480 | msspec=2.516 | sisnr=9.508 | duration=202.393[0m
[[36m01-26 22:03:56[0m][[34mflashy.solver[0m][[32mINFO[0m] - [1mValid Summary | Epoch 2 | bandwidth=16.000 | l1=0.101 | mel=4.080 | msspec=2.499 | sisnr=2.391 | duration=89.135[0m
[[36m01-26 22:03:56[0m][[34mflashy.solver[0m][[32mINFO[0m] - Updating best state with current state.[0m
[[36m01-26 22:05:40[0m][[34mflashy.solver[0m][[32mINFO[0m] - Train | Epoch 3 | 100/1000 | 8.36 it/sec | bandwidth 8.376 | l1 0.112 | penalty 0.000 | ratio1 0.000 | g_loss 0.112 | ratio2 0.392 | mel 3.600 | msspec 2.574 | sisnr 8.618[0m
[[36m01-26 22:05:50[0m][[34mflashy.solver[0m][[32mINFO[0m] - Train | Epoch 3 | 200/1000 | 8.87 it/sec | bandwidth 8.155 | l1 0.111 | penalty 0.000 | ratio1 0.000 | g_loss 0.111 | ratio2 0.370 | mel 3.607 | msspec 2.558 | sisnr 8.167[0m
[[36m01-26 22:06:01[0m][[34mflashy.solver[0m][[32mINFO[0m] - Train | Epoch 3 | 300/1000 | 9.03 it/sec | bandwidth 8.245 | l1 0.108 | penalty 0.000 | ratio1 0.000 | g_loss 0.108 | ratio2 0.368 | mel 3.608 | msspec 2.525 | sisnr 8.579[0m
[[36m01-26 22:06:12[0m][[34mflashy.solver[0m][[32mINFO[0m] - Train | Epoch 3 | 400/1000 | 9.09 it/sec | bandwidth 8.965 | l1 0.109 | penalty 0.000 | ratio1 0.000 | g_loss 0.109 | ratio2 0.406 | mel 3.615 | msspec 2.540 | sisnr 8.312[0m
[[36m01-26 22:06:22[0m][[34mflashy.solver[0m][[32mINFO[0m] - Train | Epoch 3 | 500/1000 | 9.14 it/sec | bandwidth 8.435 | l1 0.112 | penalty 0.000 | ratio1 0.000 | g_loss 0.112 | ratio2 0.414 | mel 3.680 | msspec 2.575 | sisnr 6.839[0m
[[36m01-26 22:06:33[0m][[34mflashy.solver[0m][[32mINFO[0m] - Train | Epoch 3 | 600/1000 | 9.21 it/sec | bandwidth 7.620 | l1 0.107 | penalty 0.000 | ratio1 0.000 | g_loss 0.107 | ratio2 0.412 | mel 3.620 | msspec 2.485 | sisnr 7.195[0m
[[36m01-26 22:06:44[0m][[34mflashy.solver[0m][[32mINFO[0m] - Train | Epoch 3 | 700/1000 | 9.22 it/sec | bandwidth 8.350 | l1 0.113 | penalty 0.000 | ratio1 0.000 | g_loss 0.113 | ratio2 0.392 | mel 3.698 | msspec 2.576 | sisnr 8.147[0m
[[36m01-26 22:06:54[0m][[34mflashy.solver[0m][[32mINFO[0m] - Train | Epoch 3 | 800/1000 | 9.23 it/sec | bandwidth 7.865 | l1 0.111 | penalty 0.000 | ratio1 0.000 | g_loss 0.111 | ratio2 0.383 | mel 3.671 | msspec 2.557 | sisnr 7.978[0m
[[36m01-26 22:07:05[0m][[34mflashy.solver[0m][[32mINFO[0m] - Train | Epoch 3 | 900/1000 | 9.21 it/sec | bandwidth 8.720 | l1 0.110 | penalty 0.000 | ratio1 0.000 | g_loss 0.110 | ratio2 0.374 | mel 3.687 | msspec 2.546 | sisnr 7.824[0m
[[36m01-26 22:07:18[0m][[34mflashy.solver[0m][[32mINFO[0m] - [1mTrain Summary | Epoch 3 | bandwidth=8.300 | l1=0.110 | penalty=0.000 | ratio1=0.000 | g_loss=0.110 | ratio2=0.394 | mel=3.640 | msspec=2.544 | sisnr=7.889 | duration=202.010[0m
[[36m01-26 22:08:48[0m][[34mflashy.solver[0m][[32mINFO[0m] - [1mValid Summary | Epoch 3 | bandwidth=16.000 | l1=0.101 | mel=4.115 | msspec=2.499 | sisnr=2.270 | duration=89.876[0m
[[36m01-26 22:08:48[0m][[34mflashy.solver[0m][[32mINFO[0m] - Updating best state with current state.[0m
[[36m01-26 22:10:33[0m][[34mflashy.solver[0m][[32mINFO[0m] - Train | Epoch 4 | 100/1000 | 8.65 it/sec | bandwidth 8.421 | l1 0.109 | penalty 0.000 | ratio1 0.000 | g_loss 0.109 | ratio2 0.358 | mel 3.711 | msspec 2.554 | sisnr 7.508[0m
[[36m01-26 22:10:43[0m][[34mflashy.solver[0m][[32mINFO[0m] - Train | Epoch 4 | 200/1000 | 9.03 it/sec | bandwidth 7.970 | l1 0.108 | penalty 0.000 | ratio1 0.000 | g_loss 0.108 | ratio2 0.367 | mel 3.708 | msspec 2.526 | sisnr 7.797[0m
[[36m01-26 22:10:54[0m][[34mflashy.solver[0m][[32mINFO[0m] - Train | Epoch 4 | 300/1000 | 9.13 it/sec | bandwidth 7.945 | l1 0.112 | penalty 0.000 | ratio1 0.000 | g_loss 0.112 | ratio2 0.368 | mel 3.741 | msspec 2.569 | sisnr 7.544[0m
[[36m01-26 22:11:05[0m][[34mflashy.solver[0m][[32mINFO[0m] - Train | Epoch 4 | 400/1000 | 9.15 it/sec | bandwidth 8.115 | l1 0.108 | penalty 0.000 | ratio1 0.000 | g_loss 0.108 | ratio2 0.379 | mel 3.708 | msspec 2.514 | sisnr 7.344[0m
[[36m01-26 22:11:16[0m][[34mflashy.solver[0m][[32mINFO[0m] - Train | Epoch 4 | 500/1000 | 9.14 it/sec | bandwidth 8.125 | l1 0.111 | penalty 0.000 | ratio1 0.000 | g_loss 0.111 | ratio2 0.376 | mel 3.692 | msspec 2.527 | sisnr 7.874[0m
[[36m01-26 22:11:27[0m][[34mflashy.solver[0m][[32mINFO[0m] - Train | Epoch 4 | 600/1000 | 9.11 it/sec | bandwidth 8.875 | l1 0.110 | penalty 0.000 | ratio1 0.000 | g_loss 0.110 | ratio2 0.360 | mel 3.733 | msspec 2.554 | sisnr 7.241[0m
[[36m01-26 22:11:38[0m][[34mflashy.solver[0m][[32mINFO[0m] - Train | Epoch 4 | 700/1000 | 9.12 it/sec | bandwidth 7.970 | l1 0.110 | penalty 0.000 | ratio1 0.000 | g_loss 0.110 | ratio2 0.374 | mel 3.732 | msspec 2.530 | sisnr 7.541[0m
[[36m01-26 22:11:49[0m][[34mflashy.solver[0m][[32mINFO[0m] - Train | Epoch 4 | 800/1000 | 9.10 it/sec | bandwidth 9.010 | l1 0.111 | penalty 0.000 | ratio1 0.000 | g_loss 0.111 | ratio2 0.447 | mel 3.772 | msspec 2.579 | sisnr 6.522[0m
[[36m01-26 22:12:00[0m][[34mflashy.solver[0m][[32mINFO[0m] - Train | Epoch 4 | 900/1000 | 9.08 it/sec | bandwidth 8.285 | l1 0.105 | penalty 0.000 | ratio1 0.000 | g_loss 0.105 | ratio2 0.452 | mel 3.744 | msspec 2.458 | sisnr 6.135[0m
[[36m01-26 22:12:12[0m][[34mflashy.solver[0m][[32mINFO[0m] - [1mTrain Summary | Epoch 4 | bandwidth=8.164 | l1=0.110 | penalty=0.000 | ratio1=0.000 | g_loss=0.110 | ratio2=0.388 | mel=3.736 | msspec=2.546 | sisnr=7.211 | duration=204.384[0m
[[36m01-26 22:13:48[0m][[34mflashy.solver[0m][[32mINFO[0m] - [1mValid Summary | Epoch 4 | bandwidth=16.000 | l1=0.101 | mel=4.158 | msspec=2.499 | sisnr=2.202 | duration=95.308[0m
[[36m01-26 22:13:48[0m][[34mflashy.solver[0m][[32mINFO[0m] - Updating best state with current state.[0m
[[36m01-26 22:15:33[0m][[34mflashy.solver[0m][[32mINFO[0m] - Train | Epoch 5 | 100/1000 | 8.37 it/sec | bandwidth 7.738 | l1 0.111 | penalty 0.000 | ratio1 0.000 | g_loss 0.111 | ratio2 0.392 | mel 3.782 | msspec 2.546 | sisnr 7.055[0m
[[36m01-26 22:15:44[0m][[34mflashy.solver[0m][[32mINFO[0m] - Train | Epoch 5 | 200/1000 | 8.90 it/sec | bandwidth 7.900 | l1 0.111 | penalty 0.000 | ratio1 0.000 | g_loss 0.111 | ratio2 0.408 | mel 3.763 | msspec 2.570 | sisnr 7.229[0m
[[36m01-26 22:15:54[0m][[34mflashy.solver[0m][[32mINFO[0m] - Train | Epoch 5 | 300/1000 | 9.13 it/sec | bandwidth 7.645 | l1 0.109 | penalty 0.000 | ratio1 0.000 | g_loss 0.109 | ratio2 0.410 | mel 3.764 | msspec 2.541 | sisnr 6.518[0m
[[36m01-26 22:16:05[0m][[34mflashy.solver[0m][[32mINFO[0m] - Train | Epoch 5 | 400/1000 | 9.19 it/sec | bandwidth 8.065 | l1 0.107 | penalty 0.000 | ratio1 0.000 | g_loss 0.107 | ratio2 0.422 | mel 3.720 | msspec 2.492 | sisnr 6.783[0m
[[36m01-26 22:16:15[0m][[34mflashy.solver[0m][[32mINFO[0m] - Train | Epoch 5 | 500/1000 | 9.24 it/sec | bandwidth 7.885 | l1 0.109 | penalty 0.000 | ratio1 0.000 | g_loss 0.109 | ratio2 0.390 | mel 3.812 | msspec 2.577 | sisnr 6.548[0m
[[36m01-26 22:16:26[0m][[34mflashy.solver[0m][[32mINFO[0m] - Train | Epoch 5 | 600/1000 | 9.27 it/sec | bandwidth 8.275 | l1 0.108 | penalty 0.000 | ratio1 0.000 | g_loss 0.108 | ratio2 0.367 | mel 3.757 | msspec 2.535 | sisnr 7.868[0m
[[36m01-26 22:16:36[0m][[34mflashy.solver[0m][[32mINFO[0m] - Train | Epoch 5 | 700/1000 | 9.31 it/sec | bandwidth 7.655 | l1 0.109 | penalty 0.000 | ratio1 0.000 | g_loss 0.109 | ratio2 0.369 | mel 3.781 | msspec 2.564 | sisnr 6.622[0m
[[36m01-26 22:16:47[0m][[34mflashy.solver[0m][[32mINFO[0m] - Train | Epoch 5 | 800/1000 | 9.34 it/sec | bandwidth 7.400 | l1 0.109 | penalty 0.000 | ratio1 0.000 | g_loss 0.109 | ratio2 0.366 | mel 3.762 | msspec 2.544 | sisnr 6.511[0m
[[36m01-26 22:16:58[0m][[34mflashy.solver[0m][[32mINFO[0m] - Train | Epoch 5 | 900/1000 | 9.33 it/sec | bandwidth 8.460 | l1 0.110 | penalty 0.000 | ratio1 0.000 | g_loss 0.110 | ratio2 0.384 | mel 3.809 | msspec 2.575 | sisnr 6.062[0m
[[36m01-26 22:17:10[0m][[34mflashy.solver[0m][[32mINFO[0m] - [1mTrain Summary | Epoch 5 | bandwidth=7.858 | l1=0.110 | penalty=0.000 | ratio1=0.000 | g_loss=0.110 | ratio2=0.391 | mel=3.780 | msspec=2.556 | sisnr=6.785 | duration=201.957[0m
[[36m01-26 22:18:45[0m][[34mflashy.solver[0m][[32mINFO[0m] - [1mValid Summary | Epoch 5 | bandwidth=16.000 | l1=0.101 | mel=4.175 | msspec=2.500 | sisnr=2.165 | duration=95.310[0m
[[36m01-26 22:18:45[0m][[34mflashy.solver[0m][[32mINFO[0m] - Updating best state with current state.[0m
[[36m01-26 22:20:31[0m][[34mflashy.solver[0m][[32mINFO[0m] - Train | Epoch 6 | 100/1000 | 7.50 it/sec | bandwidth 7.995 | l1 0.112 | penalty 0.000 | ratio1 0.000 | g_loss 0.112 | ratio2 0.362 | mel 3.801 | msspec 2.600 | sisnr 6.686[0m
[[36m01-26 22:20:42[0m][[34mflashy.solver[0m][[32mINFO[0m] - Train | Epoch 6 | 200/1000 | 8.28 it/sec | bandwidth 8.565 | l1 0.109 | penalty 0.000 | ratio1 0.000 | g_loss 0.109 | ratio2 0.363 | mel 3.792 | msspec 2.546 | sisnr 6.614[0m
[[36m01-26 22:20:52[0m][[34mflashy.solver[0m][[32mINFO[0m] - Train | Epoch 6 | 300/1000 | 8.71 it/sec | bandwidth 7.330 | l1 0.111 | penalty 0.000 | ratio1 0.000 | g_loss 0.111 | ratio2 0.379 | mel 3.779 | msspec 2.562 | sisnr 6.491[0m
[[36m01-26 22:21:03[0m][[34mflashy.solver[0m][[32mINFO[0m] - Train | Epoch 6 | 400/1000 | 8.86 it/sec | bandwidth 8.315 | l1 0.112 | penalty 0.000 | ratio1 0.000 | g_loss 0.112 | ratio2 0.369 | mel 3.807 | msspec 2.589 | sisnr 6.351[0m
[[36m01-26 22:21:14[0m][[34mflashy.solver[0m][[32mINFO[0m] - Train | Epoch 6 | 500/1000 | 8.92 it/sec | bandwidth 8.250 | l1 0.108 | penalty 0.000 | ratio1 0.000 | g_loss 0.108 | ratio2 0.371 | mel 3.772 | msspec 2.528 | sisnr 6.644[0m
[[36m01-26 22:21:25[0m][[34mflashy.solver[0m][[32mINFO[0m] - Train | Epoch 6 | 600/1000 | 8.99 it/sec | bandwidth 8.340 | l1 0.108 | penalty 0.000 | ratio1 0.000 | g_loss 0.108 | ratio2 0.358 | mel 3.799 | msspec 2.536 | sisnr 6.637[0m
[[36m01-26 22:21:35[0m][[34mflashy.solver[0m][[32mINFO[0m] - Train | Epoch 6 | 700/1000 | 9.03 it/sec | bandwidth 8.500 | l1 0.109 | penalty 0.000 | ratio1 0.000 | g_loss 0.109 | ratio2 0.420 | mel 3.810 | msspec 2.573 | sisnr 5.362[0m
[[36m01-26 22:21:46[0m][[34mflashy.solver[0m][[32mINFO[0m] - Train | Epoch 6 | 800/1000 | 9.05 it/sec | bandwidth 8.610 | l1 0.107 | penalty 0.000 | ratio1 0.000 | g_loss 0.107 | ratio2 0.336 | mel 3.759 | msspec 2.501 | sisnr 7.072[0m
[[36m01-26 22:21:57[0m][[34mflashy.solver[0m][[32mINFO[0m] - Train | Epoch 6 | 900/1000 | 9.09 it/sec | bandwidth 8.550 | l1 0.109 | penalty 0.000 | ratio1 0.000 | g_loss 0.109 | ratio2 0.406 | mel 3.801 | msspec 2.575 | sisnr 6.149[0m
[[36m01-26 22:22:09[0m][[34mflashy.solver[0m][[32mINFO[0m] - [1mTrain Summary | Epoch 6 | bandwidth=8.277 | l1=0.109 | penalty=0.000 | ratio1=0.000 | g_loss=0.109 | ratio2=0.375 | mel=3.792 | msspec=2.556 | sisnr=6.405 | duration=203.795[0m
[[36m01-26 22:23:42[0m][[34mflashy.solver[0m][[32mINFO[0m] - [1mValid Summary | Epoch 6 | bandwidth=16.000 | l1=0.101 | mel=4.169 | msspec=2.500 | sisnr=2.135 | duration=93.540[0m
[[36m01-26 22:23:42[0m][[34mflashy.solver[0m][[32mINFO[0m] - Updating best state with current state.[0m
[[36m01-26 22:25:28[0m][[34mflashy.solver[0m][[32mINFO[0m] - Train | Epoch 7 | 100/1000 | 8.44 it/sec | bandwidth 8.376 | l1 0.112 | penalty 0.000 | ratio1 0.000 | g_loss 0.112 | ratio2 0.378 | mel 3.835 | msspec 2.602 | sisnr 6.232[0m
[[36m01-26 22:25:38[0m][[34mflashy.solver[0m][[32mINFO[0m] - Train | Epoch 7 | 200/1000 | 8.90 it/sec | bandwidth 8.180 | l1 0.110 | penalty 0.000 | ratio1 0.000 | g_loss 0.110 | ratio2 0.373 | mel 3.819 | msspec 2.558 | sisnr 6.009[0m
[[36m01-26 22:25:49[0m][[34mflashy.solver[0m][[32mINFO[0m] - Train | Epoch 7 | 300/1000 | 9.00 it/sec | bandwidth 8.865 | l1 0.112 | penalty 0.000 | ratio1 0.000 | g_loss 0.112 | ratio2 0.398 | mel 3.809 | msspec 2.591 | sisnr 6.211[0m
[[36m01-26 22:26:00[0m][[34mflashy.solver[0m][[32mINFO[0m] - Train | Epoch 7 | 400/1000 | 9.10 it/sec | bandwidth 8.475 | l1 0.112 | penalty 0.000 | ratio1 0.000 | g_loss 0.112 | ratio2 0.339 | mel 3.835 | msspec 2.587 | sisnr 6.311[0m
[[36m01-26 22:26:11[0m][[34mflashy.solver[0m][[32mINFO[0m] - Train | Epoch 7 | 500/1000 | 9.13 it/sec | bandwidth 8.795 | l1 0.111 | penalty 0.000 | ratio1 0.000 | g_loss 0.111 | ratio2 0.395 | mel 3.837 | msspec 2.596 | sisnr 5.924[0m
[[36m01-26 22:26:21[0m][[34mflashy.solver[0m][[32mINFO[0m] - Train | Epoch 7 | 600/1000 | 9.19 it/sec | bandwidth 7.990 | l1 0.111 | penalty 0.000 | ratio1 0.000 | g_loss 0.111 | ratio2 0.382 | mel 3.828 | msspec 2.566 | sisnr 6.061[0m
[[36m01-26 22:26:32[0m][[34mflashy.solver[0m][[32mINFO[0m] - Train | Epoch 7 | 700/1000 | 9.22 it/sec | bandwidth 7.800 | l1 0.111 | penalty 0.000 | ratio1 0.000 | g_loss 0.111 | ratio2 0.390 | mel 3.821 | msspec 2.558 | sisnr 5.898[0m
[[36m01-26 22:26:42[0m][[34mflashy.solver[0m][[32mINFO[0m] - Train | Epoch 7 | 800/1000 | 9.24 it/sec | bandwidth 8.375 | l1 0.110 | penalty 0.000 | ratio1 0.000 | g_loss 0.110 | ratio2 0.398 | mel 3.818 | msspec 2.571 | sisnr 5.757[0m
[[36m01-26 22:26:53[0m][[34mflashy.solver[0m][[32mINFO[0m] - Train | Epoch 7 | 900/1000 | 9.26 it/sec | bandwidth 8.175 | l1 0.110 | penalty 0.000 | ratio1 0.000 | g_loss 0.110 | ratio2 0.417 | mel 3.802 | msspec 2.555 | sisnr 5.678[0m
[[36m01-26 22:27:05[0m][[34mflashy.solver[0m][[32mINFO[0m] - [1mTrain Summary | Epoch 7 | bandwidth=8.214 | l1=0.110 | penalty=0.000 | ratio1=0.000 | g_loss=0.110 | ratio2=0.387 | mel=3.819 | msspec=2.564 | sisnr=6.004 | duration=202.268[0m
[[36m01-26 22:28:40[0m][[34mflashy.solver[0m][[32mINFO[0m] - [1mValid Summary | Epoch 7 | bandwidth=16.000 | l1=0.101 | mel=4.179 | msspec=2.500 | sisnr=2.130 | duration=95.305[0m
[[36m01-26 22:28:40[0m][[34mflashy.solver[0m][[32mINFO[0m] - Updating best state with current state.[0m
[[36m01-26 22:30:26[0m][[34mflashy.solver[0m][[32mINFO[0m] - Train | Epoch 8 | 100/1000 | 7.71 it/sec | bandwidth 8.416 | l1 0.108 | penalty 0.000 | ratio1 0.000 | g_loss 0.108 | ratio2 0.378 | mel 3.789 | msspec 2.505 | sisnr 5.884[0m
[[36m01-26 22:30:36[0m][[34mflashy.solver[0m][[32mINFO[0m] - Train | Epoch 8 | 200/1000 | 8.53 it/sec | bandwidth 7.910 | l1 0.113 | penalty 0.000 | ratio1 0.000 | g_loss 0.113 | ratio2 0.365 | mel 3.853 | msspec 2.604 | sisnr 5.906[0m
[[36m01-26 22:30:47[0m][[34mflashy.solver[0m][[32mINFO[0m] - Train | Epoch 8 | 300/1000 | 8.78 it/sec | bandwidth 8.135 | l1 0.110 | penalty 0.000 | ratio1 0.000 | g_loss 0.110 | ratio2 0.401 | mel 3.826 | msspec 2.564 | sisnr 5.289[0m
[[36m01-26 22:30:57[0m][[34mflashy.solver[0m][[32mINFO[0m] - Train | Epoch 8 | 400/1000 | 8.93 it/sec | bandwidth 8.465 | l1 0.109 | penalty 0.000 | ratio1 0.000 | g_loss 0.109 | ratio2 0.372 | mel 3.846 | msspec 2.569 | sisnr 5.205[0m
[[36m01-26 22:31:08[0m][[34mflashy.solver[0m][[32mINFO[0m] - Train | Epoch 8 | 500/1000 | 8.96 it/sec | bandwidth 9.310 | l1 0.108 | penalty 0.000 | ratio1 0.000 | g_loss 0.108 | ratio2 0.365 | mel 3.802 | msspec 2.523 | sisnr 5.686[0m
[[36m01-26 22:31:19[0m][[34mflashy.solver[0m][[32mINFO[0m] - Train | Epoch 8 | 600/1000 | 9.04 it/sec | bandwidth 8.040 | l1 0.110 | penalty 0.000 | ratio1 0.000 | g_loss 0.110 | ratio2 0.378 | mel 3.859 | msspec 2.576 | sisnr 5.752[0m
[[36m01-26 22:31:30[0m][[34mflashy.solver[0m][[32mINFO[0m] - Train | Epoch 8 | 700/1000 | 9.08 it/sec | bandwidth 8.790 | l1 0.111 | penalty 0.000 | ratio1 0.000 | g_loss 0.111 | ratio2 0.378 | mel 3.848 | msspec 2.600 | sisnr 5.893[0m
[[36m01-26 22:31:40[0m][[34mflashy.solver[0m][[32mINFO[0m] - Train | Epoch 8 | 800/1000 | 9.14 it/sec | bandwidth 7.770 | l1 0.110 | penalty 0.000 | ratio1 0.000 | g_loss 0.110 | ratio2 0.371 | mel 3.852 | msspec 2.551 | sisnr 5.774[0m
[[36m01-26 22:31:51[0m][[34mflashy.solver[0m][[32mINFO[0m] - Train | Epoch 8 | 900/1000 | 9.18 it/sec | bandwidth 7.710 | l1 0.111 | penalty 0.000 | ratio1 0.000 | g_loss 0.111 | ratio2 0.327 | mel 3.860 | msspec 2.576 | sisnr 6.476[0m
[[36m01-26 22:32:03[0m][[34mflashy.solver[0m][[32mINFO[0m] - [1mTrain Summary | Epoch 8 | bandwidth=8.277 | l1=0.110 | penalty=0.000 | ratio1=0.000 | g_loss=0.110 | ratio2=0.375 | mel=3.836 | msspec=2.566 | sisnr=5.748 | duration=202.795[0m
[[36m01-26 22:33:38[0m][[34mflashy.solver[0m][[32mINFO[0m] - [1mValid Summary | Epoch 8 | bandwidth=16.000 | l1=0.101 | mel=4.175 | msspec=2.500 | sisnr=2.080 | duration=94.882[0m
[[36m01-26 22:33:38[0m][[34mflashy.solver[0m][[32mINFO[0m] - Updating best state with current state.[0m
[[36m01-26 22:35:21[0m][[34mflashy.solver[0m][[32mINFO[0m] - Train | Epoch 9 | 100/1000 | 7.79 it/sec | bandwidth 8.173 | l1 0.107 | penalty 0.000 | ratio1 0.000 | g_loss 0.107 | ratio2 0.417 | mel 3.809 | msspec 2.514 | sisnr 5.315[0m
[[36m01-26 22:35:32[0m][[34mflashy.solver[0m][[32mINFO[0m] - Train | Epoch 9 | 200/1000 | 8.41 it/sec | bandwidth 7.985 | l1 0.112 | penalty 0.000 | ratio1 0.000 | g_loss 0.112 | ratio2 0.405 | mel 3.843 | msspec 2.584 | sisnr 5.405[0m
[[36m01-26 22:35:43[0m][[34mflashy.solver[0m][[32mINFO[0m] - Train | Epoch 9 | 300/1000 | 8.62 it/sec | bandwidth 8.785 | l1 0.110 | penalty 0.000 | ratio1 0.000 | g_loss 0.110 | ratio2 0.340 | mel 3.865 | msspec 2.562 | sisnr 6.021[0m
[[36m01-26 22:35:54[0m][[34mflashy.solver[0m][[32mINFO[0m] - Train | Epoch 9 | 400/1000 | 8.74 it/sec | bandwidth 8.560 | l1 0.109 | penalty 0.000 | ratio1 0.000 | g_loss 0.109 | ratio2 0.372 | mel 3.874 | msspec 2.596 | sisnr 5.607[0m
[[36m01-26 22:36:05[0m][[34mflashy.solver[0m][[32mINFO[0m] - Train | Epoch 9 | 500/1000 | 8.83 it/sec | bandwidth 8.440 | l1 0.111 | penalty 0.000 | ratio1 0.000 | g_loss 0.111 | ratio2 0.368 | mel 3.882 | msspec 2.612 | sisnr 5.860[0m
[[36m01-26 22:36:16[0m][[34mflashy.solver[0m][[32mINFO[0m] - Train | Epoch 9 | 600/1000 | 8.86 it/sec | bandwidth 9.030 | l1 0.111 | penalty 0.000 | ratio1 0.000 | g_loss 0.111 | ratio2 0.404 | mel 3.849 | msspec 2.561 | sisnr 5.260[0m
[[36m01-26 22:36:27[0m][[34mflashy.solver[0m][[32mINFO[0m] - Train | Epoch 9 | 700/1000 | 8.90 it/sec | bandwidth 8.995 | l1 0.112 | penalty 0.000 | ratio1 0.000 | g_loss 0.112 | ratio2 0.394 | mel 3.858 | msspec 2.605 | sisnr 5.238[0m
[[36m01-26 22:36:38[0m][[34mflashy.solver[0m][[32mINFO[0m] - Train | Epoch 9 | 800/1000 | 8.94 it/sec | bandwidth 8.435 | l1 0.111 | penalty 0.000 | ratio1 0.000 | g_loss 0.111 | ratio2 0.376 | mel 3.889 | msspec 2.600 | sisnr 5.491[0m
[[36m01-26 22:36:49[0m][[34mflashy.solver[0m][[32mINFO[0m] - Train | Epoch 9 | 900/1000 | 8.95 it/sec | bandwidth 8.765 | l1 0.112 | penalty 0.000 | ratio1 0.000 | g_loss 0.112 | ratio2 0.364 | mel 3.836 | msspec 2.570 | sisnr 5.623[0m
[[36m01-26 22:37:01[0m][[34mflashy.solver[0m][[32mINFO[0m] - [1mTrain Summary | Epoch 9 | bandwidth=8.559 | l1=0.110 | penalty=0.000 | ratio1=0.000 | g_loss=0.110 | ratio2=0.388 | mel=3.842 | msspec=2.557 | sisnr=5.517 | duration=202.884[0m
[[36m01-26 22:38:38[0m][[34mflashy.solver[0m][[32mINFO[0m] - [1mValid Summary | Epoch 9 | bandwidth=16.000 | l1=0.101 | mel=4.164 | msspec=2.500 | sisnr=2.072 | duration=96.724[0m
[[36m01-26 22:38:38[0m][[34mflashy.solver[0m][[32mINFO[0m] - Updating best state with current state.[0m
[[36m01-26 22:40:23[0m][[34mflashy.solver[0m][[32mINFO[0m] - Train | Epoch 10 | 100/1000 | 8.42 it/sec | bandwidth 8.079 | l1 0.113 | penalty 0.000 | ratio1 0.000 | g_loss 0.113 | ratio2 0.408 | mel 3.865 | msspec 2.598 | sisnr 5.471[0m
[[36m01-26 22:40:34[0m][[34mflashy.solver[0m][[32mINFO[0m] - Train | Epoch 10 | 200/1000 | 8.82 it/sec | bandwidth 8.370 | l1 0.110 | penalty 0.000 | ratio1 0.000 | g_loss 0.110 | ratio2 0.423 | mel 3.879 | msspec 2.533 | sisnr 4.255[0m
[[36m01-26 22:40:45[0m][[34mflashy.solver[0m][[32mINFO[0m] - Train | Epoch 10 | 300/1000 | 9.01 it/sec | bandwidth 8.365 | l1 0.112 | penalty 0.000 | ratio1 0.000 | g_loss 0.112 | ratio2 0.388 | mel 3.847 | msspec 2.573 | sisnr 5.098[0m
[[36m01-26 22:40:55[0m][[34mflashy.solver[0m][[32mINFO[0m] - Train | Epoch 10 | 400/1000 | 9.14 it/sec | bandwidth 7.980 | l1 0.107 | penalty 0.000 | ratio1 0.000 | g_loss 0.107 | ratio2 0.388 | mel 3.828 | msspec 2.505 | sisnr 5.388[0m
[[36m01-26 22:41:06[0m][[34mflashy.solver[0m][[32mINFO[0m] - Train | Epoch 10 | 500/1000 | 9.16 it/sec | bandwidth 8.770 | l1 0.107 | penalty 0.000 | ratio1 0.000 | g_loss 0.107 | ratio2 0.379 | mel 3.836 | msspec 2.513 | sisnr 5.506[0m
[[36m01-26 22:41:17[0m][[34mflashy.solver[0m][[32mINFO[0m] - Train | Epoch 10 | 600/1000 | 9.16 it/sec | bandwidth 9.335 | l1 0.106 | penalty 0.000 | ratio1 0.000 | g_loss 0.106 | ratio2 0.353 | mel 3.833 | msspec 2.516 | sisnr 5.699[0m
[[36m01-26 22:41:27[0m][[34mflashy.solver[0m][[32mINFO[0m] - Train | Epoch 10 | 700/1000 | 9.20 it/sec | bandwidth 8.185 | l1 0.107 | penalty 0.000 | ratio1 0.000 | g_loss 0.107 | ratio2 0.377 | mel 3.832 | msspec 2.508 | sisnr 5.238[0m
[[36m01-26 22:41:38[0m][[34mflashy.solver[0m][[32mINFO[0m] - Train | Epoch 10 | 800/1000 | 9.28 it/sec | bandwidth 7.115 | l1 0.111 | penalty 0.000 | ratio1 0.000 | g_loss 0.111 | ratio2 0.376 | mel 3.872 | msspec 2.592 | sisnr 5.287[0m
[[36m01-26 22:41:48[0m][[34mflashy.solver[0m][[32mINFO[0m] - Train | Epoch 10 | 900/1000 | 9.32 it/sec | bandwidth 7.645 | l1 0.109 | penalty 0.000 | ratio1 0.000 | g_loss 0.109 | ratio2 0.374 | mel 3.886 | msspec 2.588 | sisnr 5.101[0m
[[36m01-26 22:42:00[0m][[34mflashy.solver[0m][[32mINFO[0m] - [1mTrain Summary | Epoch 10 | bandwidth=8.207 | l1=0.109 | penalty=0.000 | ratio1=0.000 | g_loss=0.109 | ratio2=0.392 | mel=3.859 | msspec=2.551 | sisnr=5.138 | duration=202.455[0m
[[36m01-26 22:43:35[0m][[34mflashy.solver[0m][[32mINFO[0m] - [1mValid Summary | Epoch 10 | bandwidth=16.000 | l1=0.101 | mel=4.187 | msspec=2.500 | sisnr=1.989 | duration=95.431[0m
[[36m01-26 22:43:35[0m][[34mflashy.solver[0m][[32mINFO[0m] - Updating best state with current state.[0m
[[36m01-26 22:45:21[0m][[34mflashy.solver[0m][[32mINFO[0m] - Train | Epoch 11 | 100/1000 | 8.36 it/sec | bandwidth 9.069 | l1 0.108 | penalty 0.000 | ratio1 0.000 | g_loss 0.108 | ratio2 0.336 | mel 3.862 | msspec 2.517 | sisnr 5.532[0m
[[36m01-26 22:45:31[0m][[34mflashy.solver[0m][[32mINFO[0m] - Train | Epoch 11 | 200/1000 | 8.96 it/sec | bandwidth 7.395 | l1 0.111 | penalty 0.000 | ratio1 0.000 | g_loss 0.111 | ratio2 0.365 | mel 3.914 | msspec 2.584 | sisnr 5.473[0m
[[36m01-26 22:45:41[0m][[34mflashy.solver[0m][[32mINFO[0m] - Train | Epoch 11 | 300/1000 | 9.21 it/sec | bandwidth 7.350 | l1 0.109 | penalty 0.000 | ratio1 0.000 | g_loss 0.109 | ratio2 0.365 | mel 3.880 | msspec 2.565 | sisnr 5.231[0m
[[36m01-26 22:45:52[0m][[34mflashy.solver[0m][[32mINFO[0m] - Train | Epoch 11 | 400/1000 | 9.32 it/sec | bandwidth 7.475 | l1 0.107 | penalty 0.000 | ratio1 0.000 | g_loss 0.107 | ratio2 0.395 | mel 3.871 | msspec 2.505 | sisnr 4.580[0m
[[36m01-26 22:46:02[0m][[34mflashy.solver[0m][[32mINFO[0m] - Train | Epoch 11 | 500/1000 | 9.36 it/sec | bandwidth 7.995 | l1 0.108 | penalty 0.000 | ratio1 0.000 | g_loss 0.108 | ratio2 0.435 | mel 3.881 | msspec 2.527 | sisnr 3.803[0m
[[36m01-26 22:46:13[0m][[34mflashy.solver[0m][[32mINFO[0m] - Train | Epoch 11 | 600/1000 | 9.34 it/sec | bandwidth 8.700 | l1 0.110 | penalty 0.000 | ratio1 0.000 | g_loss 0.110 | ratio2 0.420 | mel 3.855 | msspec 2.554 | sisnr 4.532[0m
[[36m01-26 22:46:24[0m][[34mflashy.solver[0m][[32mINFO[0m] - Train | Epoch 11 | 700/1000 | 9.35 it/sec | bandwidth 8.360 | l1 0.105 | penalty 0.000 | ratio1 0.000 | g_loss 0.105 | ratio2 0.423 | mel 3.817 | msspec 2.511 | sisnr 4.504[0m
[[36m01-26 22:46:34[0m][[34mflashy.solver[0m][[32mINFO[0m] - Train | Epoch 11 | 800/1000 | 9.37 it/sec | bandwidth 8.065 | l1 0.110 | penalty 0.000 | ratio1 0.000 | g_loss 0.110 | ratio2 0.383 | mel 3.885 | msspec 2.575 | sisnr 4.879[0m
[[36m01-26 22:46:45[0m][[34mflashy.solver[0m][[32mINFO[0m] - Train | Epoch 11 | 900/1000 | 9.36 it/sec | bandwidth 8.425 | l1 0.108 | penalty 0.000 | ratio1 0.000 | g_loss 0.108 | ratio2 0.346 | mel 3.878 | msspec 2.542 | sisnr 5.134[0m
[[36m01-26 22:46:57[0m][[34mflashy.solver[0m][[32mINFO[0m] - [1mTrain Summary | Epoch 11 | bandwidth=8.117 | l1=0.109 | penalty=0.000 | ratio1=0.000 | g_loss=0.109 | ratio2=0.383 | mel=3.874 | msspec=2.545 | sisnr=4.877 | duration=201.351[0m
[[36m01-26 22:48:32[0m][[34mflashy.solver[0m][[32mINFO[0m] - [1mValid Summary | Epoch 11 | bandwidth=16.000 | l1=0.101 | mel=4.206 | msspec=2.500 | sisnr=1.941 | duration=94.934[0m
[[36m01-26 22:48:32[0m][[34mflashy.solver[0m][[32mINFO[0m] - Updating best state with current state.[0m
[[36m01-26 22:50:17[0m][[34mflashy.solver[0m][[32mINFO[0m] - Train | Epoch 12 | 100/1000 | 7.59 it/sec | bandwidth 8.144 | l1 0.112 | penalty 0.000 | ratio1 0.000 | g_loss 0.112 | ratio2 0.363 | mel 3.903 | msspec 2.566 | sisnr 4.876[0m
[[36m01-26 22:50:28[0m][[34mflashy.solver[0m][[32mINFO[0m] - Train | Epoch 12 | 200/1000 | 8.39 it/sec | bandwidth 8.150 | l1 0.110 | penalty 0.000 | ratio1 0.000 | g_loss 0.110 | ratio2 0.388 | mel 3.866 | msspec 2.571 | sisnr 4.672[0m
[[36m01-26 22:50:38[0m][[34mflashy.solver[0m][[32mINFO[0m] - Train | Epoch 12 | 300/1000 | 8.70 it/sec | bandwidth 8.500 | l1 0.109 | penalty 0.000 | ratio1 0.000 | g_loss 0.109 | ratio2 0.370 | mel 3.863 | msspec 2.546 | sisnr 5.687[0m
[[36m01-26 22:50:49[0m][[34mflashy.solver[0m][[32mINFO[0m] - Train | Epoch 12 | 400/1000 | 8.81 it/sec | bandwidth 8.830 | l1 0.110 | penalty 0.000 | ratio1 0.000 | g_loss 0.110 | ratio2 0.427 | mel 3.881 | msspec 2.554 | sisnr 4.271[0m
[[36m01-26 22:51:00[0m][[34mflashy.solver[0m][[32mINFO[0m] - Train | Epoch 12 | 500/1000 | 8.94 it/sec | bandwidth 8.070 | l1 0.110 | penalty 0.000 | ratio1 0.000 | g_loss 0.110 | ratio2 0.370 | mel 3.894 | msspec 2.594 | sisnr 4.938[0m
[[36m01-26 22:51:11[0m][[34mflashy.solver[0m][[32mINFO[0m] - Train | Epoch 12 | 600/1000 | 8.99 it/sec | bandwidth 8.840 | l1 0.107 | penalty 0.000 | ratio1 0.000 | g_loss 0.107 | ratio2 0.415 | mel 3.869 | msspec 2.546 | sisnr 4.324[0m
[[36m01-26 22:51:21[0m][[34mflashy.solver[0m][[32mINFO[0m] - Train | Epoch 12 | 700/1000 | 9.05 it/sec | bandwidth 8.395 | l1 0.107 | penalty 0.000 | ratio1 0.000 | g_loss 0.107 | ratio2 0.351 | mel 3.855 | msspec 2.509 | sisnr 5.474[0m
[[36m01-26 22:51:32[0m][[34mflashy.solver[0m][[32mINFO[0m] - Train | Epoch 12 | 800/1000 | 9.12 it/sec | bandwidth 8.095 | l1 0.108 | penalty 0.000 | ratio1 0.000 | g_loss 0.108 | ratio2 0.404 | mel 3.910 | msspec 2.573 | sisnr 4.425[0m
[[36m01-26 22:51:42[0m][[34mflashy.solver[0m][[32mINFO[0m] - Train | Epoch 12 | 900/1000 | 9.16 it/sec | bandwidth 8.400 | l1 0.109 | penalty 0.000 | ratio1 0.000 | g_loss 0.109 | ratio2 0.432 | mel 3.901 | msspec 2.541 | sisnr 4.285[0m
[[36m01-26 22:51:54[0m][[34mflashy.solver[0m][[32mINFO[0m] - [1mTrain Summary | Epoch 12 | bandwidth=8.337 | l1=0.109 | penalty=0.000 | ratio1=0.000 | g_loss=0.109 | ratio2=0.387 | mel=3.887 | msspec=2.553 | sisnr=4.806 | duration=202.275[0m
[[36m01-26 22:53:28[0m][[34mflashy.solver[0m][[32mINFO[0m] - [1mValid Summary | Epoch 12 | bandwidth=16.000 | l1=0.101 | mel=4.203 | msspec=2.500 | sisnr=1.883 | duration=94.266[0m
[[36m01-26 22:53:28[0m][[34mflashy.solver[0m][[32mINFO[0m] - Updating best state with current state.[0m
[[36m01-26 22:55:14[0m][[34mflashy.solver[0m][[32mINFO[0m] - Train | Epoch 13 | 100/1000 | 8.46 it/sec | bandwidth 8.252 | l1 0.109 | penalty 0.000 | ratio1 0.000 | g_loss 0.109 | ratio2 0.374 | mel 3.896 | msspec 2.519 | sisnr 4.985[0m
[[36m01-26 22:55:25[0m][[34mflashy.solver[0m][[32mINFO[0m] - Train | Epoch 13 | 200/1000 | 8.95 it/sec | bandwidth 8.230 | l1 0.109 | penalty 0.000 | ratio1 0.000 | g_loss 0.109 | ratio2 0.443 | mel 3.929 | msspec 2.584 | sisnr 4.017[0m
[[36m01-26 22:55:35[0m][[34mflashy.solver[0m][[32mINFO[0m] - Train | Epoch 13 | 300/1000 | 9.07 it/sec | bandwidth 8.620 | l1 0.110 | penalty 0.000 | ratio1 0.000 | g_loss 0.110 | ratio2 0.375 | mel 3.921 | msspec 2.591 | sisnr 4.396[0m
[[36m01-26 22:55:46[0m][[34mflashy.solver[0m][[32mINFO[0m] - Train | Epoch 13 | 400/1000 | 9.18 it/sec | bandwidth 7.815 | l1 0.111 | penalty 0.000 | ratio1 0.000 | g_loss 0.111 | ratio2 0.430 | mel 3.905 | msspec 2.572 | sisnr 3.765[0m
[[36m01-26 22:55:56[0m][[34mflashy.solver[0m][[32mINFO[0m] - Train | Epoch 13 | 500/1000 | 9.27 it/sec | bandwidth 7.970 | l1 0.106 | penalty 0.000 | ratio1 0.000 | g_loss 0.106 | ratio2 0.390 | mel 3.879 | msspec 2.538 | sisnr 4.654[0m
[[36m01-26 22:56:07[0m][[34mflashy.solver[0m][[32mINFO[0m] - Train | Epoch 13 | 600/1000 | 9.30 it/sec | bandwidth 8.100 | l1 0.111 | penalty 0.000 | ratio1 0.000 | g_loss 0.111 | ratio2 0.340 | mel 3.932 | msspec 2.565 | sisnr 4.788[0m
[[36m01-26 22:56:17[0m][[34mflashy.solver[0m][[32mINFO[0m] - Train | Epoch 13 | 700/1000 | 9.33 it/sec | bandwidth 7.900 | l1 0.110 | penalty 0.000 | ratio1 0.000 | g_loss 0.110 | ratio2 0.380 | mel 3.909 | msspec 2.575 | sisnr 4.680[0m
